<?xml version="1.0" encoding="UTF-8"?>
<!-- Generated by org.testng.reporters.JUnitReportReporter -->
<testsuite hostname="veeru05" failures="0" tests="1" name="cucumberOptions.TestNGRunner" time="0.175" errors="0" timestamp="2025-03-10T22:08:37 IST" skipped="0">
  <testcase classname="cucumberOptions.TestNGRunner" name="runScenario" time="0.175"/>
</testsuite> <!-- cucumberOptions.TestNGRunner -->
