<?xml version="1.0" encoding="UTF-8"?>
<!-- Generated by org.testng.reporters.JUnitReportReporter -->
<testsuite hostname="veeru05" failures="0" tests="1" name="cucumberOptions.FailedTestRunner" time="46.826" errors="0" timestamp="2025-03-15T23:45:03 IST" skipped="0">
  <testcase classname="cucumberOptions.FailedTestRunner" name="runScenario" time="46.826"/>
</testsuite> <!-- cucumberOptions.FailedTestRunner -->
