<?xml version="1.0" encoding="UTF-8"?>
<!-- Generated by org.testng.reporters.JUnitReportReporter -->
<testsuite hostname="veeru05" failures="0" tests="1" name="cucumberOptions.TestNGRunner" time="53.155" errors="0" timestamp="2025-03-16T12:17:37 IST" skipped="0">
  <testcase classname="cucumberOptions.TestNGRunner" name="runScenario" time="53.155"/>
</testsuite> <!-- cucumberOptions.TestNGRunner -->
